0 info it worked if it ends with ok
1 verbose cli [ 'E:\\nodejs\\\\node.exe',
1 verbose cli   'E:\\nodejs\\node_modules\\npm\\bin\\npm-cli.js',
1 verbose cli   'install' ]
2 info using npm@1.2.18
3 info using node@v0.10.5
4 verbose node symlink E:\nodejs\\node.exe
5 verbose read json E:\nodejs\hello\package.json
6 error install Couldn't read dependencies
7 error Failed to parse json
7 error Unexpected token }
8 error File: E:\nodejs\hello\package.json
9 error Failed to parse package.json data.
9 error package.json must be actual JSON, not just JavaScript.
9 error
9 error This is not a bug in npm.
9 error Tell the package author to fix their package.json file. JSON.parse
10 error System Windows_NT 6.2.9200
11 error command "E:\\nodejs\\\\node.exe" "E:\\nodejs\\node_modules\\npm\\bin\\npm-cli.js" "install"
12 error cwd E:\nodejs\hello
13 error node -v v0.10.5
14 error npm -v 1.2.18
15 error file E:\nodejs\hello\package.json
16 error code EJSONPARSE
17 verbose exit [ 1, true ]
